<?xml version="1.0" encoding="UTF-8"?>
<!-- Generated by org.testng.reporters.JUnitXMLReporter -->
<testsuite ignored="0" hostname="DESKTOP-F30GDK4" failures="1" tests="9" name="Surefire test" time="0.169" errors="0" timestamp="2023-07-05T17:41:25 EDT">
  <testcase classname="test.Testing1" name="f" time="0.003"/>
  <testcase classname="test.Testing1" name="f" time="0.0"/>
  <testcase classname="test.Testing1" name="test1" time="0.001"/>
  <testcase classname="test.Testing1" name="test2" time="0.001"/>
  <testcase classname="test.Testing2" name="test3" time="0.0"/>
  <testcase classname="test.Testing2" name="test4" time="0.001"/>
  <testcase classname="test.Testing3" name="createUser" time="0.006"/>
  <testcase classname="test.Testing3" name="editUser" time="0.019">
    <failure type="java.lang.AssertionError" message="The following asserts failed:
	Verifying Element expected [true] but found [false]">
      <![CDATA[java.lang.AssertionError: The following asserts failed:
Verifying Element expected [true] but found [false]
at test.Testing3.editUser(Testing3.java:24)
at java.base/java.util.ArrayList.forEach(ArrayList.java:1511)
... Removed 34 stack frames]]>
    </failure>
  </testcase> <!-- editUser -->
  <testcase classname="test.Testing3" name="deleteUser" time="0.0">
    <skipped/>
  </testcase> <!-- deleteUser -->
</testsuite> <!-- Surefire test -->
