<?xml version="1.0" encoding="UTF-8"?>
<testng-results ignored="0" total="9" passed="7" failed="1" skipped="1">
  <reporter-output>
  </reporter-output>
  <suite started-at="2023-07-05T18:05:33 EDT" name="Suite" finished-at="2023-07-05T18:05:33 EDT" duration-ms="338">
    <groups>
      <group name="important">
        <method signature="Testing3.createUser()[pri:1, instance:test.Testing3@5b239d7d]" name="createUser" class="test.Testing3"/>
        <method signature="Testing3.editUser()[pri:2, instance:test.Testing3@5b239d7d]" name="editUser" class="test.Testing3"/>
        <method signature="Testing3.deleteUser()[pri:3, instance:test.Testing3@5b239d7d]" name="deleteUser" class="test.Testing3"/>
      </group> <!-- important -->
      <group name="smoke">
        <method signature="Testing3.createUser()[pri:1, instance:test.Testing3@5b239d7d]" name="createUser" class="test.Testing3"/>
        <method signature="Testing3.editUser()[pri:2, instance:test.Testing3@5b239d7d]" name="editUser" class="test.Testing3"/>
        <method signature="Testing3.deleteUser()[pri:3, instance:test.Testing3@5b239d7d]" name="deleteUser" class="test.Testing3"/>
        <method signature="Testing1.test1()[pri:0, instance:test.Testing1@4f18837a]" name="test1" class="test.Testing1"/>
        <method signature="Testing2.test3()[pri:0, instance:test.Testing2@4fb0f2b9]" name="test3" class="test.Testing2"/>
      </group> <!-- smoke -->
      <group name="sanity">
        <method signature="Testing3.createUser()[pri:1, instance:test.Testing3@5b239d7d]" name="createUser" class="test.Testing3"/>
        <method signature="Testing3.editUser()[pri:2, instance:test.Testing3@5b239d7d]" name="editUser" class="test.Testing3"/>
        <method signature="Testing3.deleteUser()[pri:3, instance:test.Testing3@5b239d7d]" name="deleteUser" class="test.Testing3"/>
        <method signature="Testing1.test2()[pri:0, instance:test.Testing1@4f18837a]" name="test2" class="test.Testing1"/>
        <method signature="Testing2.test4()[pri:0, instance:test.Testing2@4fb0f2b9]" name="test4" class="test.Testing2"/>
      </group> <!-- sanity -->
    </groups>
    <test started-at="2023-07-05T18:05:33 EDT" name="Test" finished-at="2023-07-05T18:05:33 EDT" duration-ms="338">
      <class name="test.Testing2">
        <test-method signature="test3()[pri:0, instance:test.Testing2@4fb0f2b9]" started-at="2023-07-05T18:05:33 EDT" name="test3" finished-at="2023-07-05T18:05:33 EDT" duration-ms="6" status="PASS">
          <reporter-output>
          </reporter-output>
        </test-method> <!-- test3 -->
        <test-method signature="test4()[pri:0, instance:test.Testing2@4fb0f2b9]" started-at="2023-07-05T18:05:33 EDT" name="test4" finished-at="2023-07-05T18:05:33 EDT" duration-ms="10" status="PASS">
          <reporter-output>
          </reporter-output>
        </test-method> <!-- test4 -->
      </class> <!-- test.Testing2 -->
      <class name="test.Testing3">
        <test-method signature="createUser()[pri:1, instance:test.Testing3@5b239d7d]" started-at="2023-07-05T18:05:33 EDT" name="createUser" finished-at="2023-07-05T18:05:33 EDT" duration-ms="9" status="PASS">
          <reporter-output>
          </reporter-output>
        </test-method> <!-- createUser -->
        <test-method signature="editUser()[pri:2, instance:test.Testing3@5b239d7d]" started-at="2023-07-05T18:05:33 EDT" name="editUser" finished-at="2023-07-05T18:05:33 EDT" depends-on-methods="test.Testing3.createUser" duration-ms="21" status="FAIL">
          <exception class="java.lang.AssertionError">
            <message>
              <![CDATA[The following asserts failed:
Verifying Element expected [true] but found [false]]]>
            </message>
            <full-stacktrace>
              <![CDATA[java.lang.AssertionError: The following asserts failed:
Verifying Element expected [true] but found [false]
at org.testng.asserts.SoftAssert.assertAll(SoftAssert.java:46)
at org.testng.asserts.SoftAssert.assertAll(SoftAssert.java:30)
at test.Testing3.editUser(Testing3.java:24)
at java.base/jdk.internal.reflect.NativeMethodAccessorImpl.invoke0(Native Method)
at java.base/jdk.internal.reflect.NativeMethodAccessorImpl.invoke(NativeMethodAccessorImpl.java:77)
at java.base/jdk.internal.reflect.DelegatingMethodAccessorImpl.invoke(DelegatingMethodAccessorImpl.java:43)
at java.base/java.lang.reflect.Method.invoke(Method.java:568)
at org.testng.internal.invokers.MethodInvocationHelper.invokeMethod(MethodInvocationHelper.java:139)
at org.testng.internal.invokers.TestInvoker.invokeMethod(TestInvoker.java:677)
at org.testng.internal.invokers.TestInvoker.invokeTestMethod(TestInvoker.java:221)
at org.testng.internal.invokers.MethodRunner.runInSequence(MethodRunner.java:50)
at org.testng.internal.invokers.TestInvoker$MethodInvocationAgent.invoke(TestInvoker.java:969)
at org.testng.internal.invokers.TestInvoker.invokeTestMethods(TestInvoker.java:194)
at org.testng.internal.invokers.TestMethodWorker.invokeTestMethods(TestMethodWorker.java:148)
at org.testng.internal.invokers.TestMethodWorker.run(TestMethodWorker.java:128)
at java.base/java.util.ArrayList.forEach(ArrayList.java:1511)
at org.testng.TestRunner.privateRun(TestRunner.java:829)
at org.testng.TestRunner.run(TestRunner.java:602)
at org.testng.SuiteRunner.runTest(SuiteRunner.java:437)
at org.testng.SuiteRunner.runSequentially(SuiteRunner.java:431)
at org.testng.SuiteRunner.privateRun(SuiteRunner.java:391)
at org.testng.SuiteRunner.run(SuiteRunner.java:330)
at org.testng.SuiteRunnerWorker.runSuite(SuiteRunnerWorker.java:52)
at org.testng.SuiteRunnerWorker.run(SuiteRunnerWorker.java:95)
at org.testng.TestNG.runSuitesSequentially(TestNG.java:1256)
at org.testng.TestNG.runSuitesLocally(TestNG.java:1176)
at org.testng.TestNG.runSuites(TestNG.java:1099)
at org.testng.TestNG.run(TestNG.java:1067)
at org.testng.remote.AbstractRemoteTestNG.run(AbstractRemoteTestNG.java:115)
at org.testng.remote.RemoteTestNG.initAndRun(RemoteTestNG.java:251)
at org.testng.remote.RemoteTestNG.main(RemoteTestNG.java:77)
]]>
            </full-stacktrace>
          </exception> <!-- java.lang.AssertionError -->
          <reporter-output>
          </reporter-output>
        </test-method> <!-- editUser -->
        <test-method signature="deleteUser()[pri:3, instance:test.Testing3@5b239d7d]" started-at="2023-07-05T18:05:33 EDT" name="deleteUser" finished-at="2023-07-05T18:05:33 EDT" depends-on-methods="test.Testing3.editUser" duration-ms="2" status="SKIP">
          <exception class="java.lang.Throwable">
            <message>
              <![CDATA[Method test.Testing3.deleteUser() on instance test.Testing3@5b239d7d depends on not successfully finished methods 
[test.Testing3.editUser() on instance test.Testing3@5b239d7d]]]>
            </message>
            <full-stacktrace>
              <![CDATA[java.lang.Throwable: Method test.Testing3.deleteUser() on instance test.Testing3@5b239d7d depends on not successfully finished methods 
[test.Testing3.editUser() on instance test.Testing3@5b239d7d]
at org.testng.internal.invokers.TestInvoker.invokeTestMethods(TestInvoker.java:150)
at org.testng.internal.invokers.TestMethodWorker.invokeTestMethods(TestMethodWorker.java:148)
at org.testng.internal.invokers.TestMethodWorker.run(TestMethodWorker.java:128)
at java.base/java.util.ArrayList.forEach(ArrayList.java:1511)
at org.testng.TestRunner.privateRun(TestRunner.java:829)
at org.testng.TestRunner.run(TestRunner.java:602)
at org.testng.SuiteRunner.runTest(SuiteRunner.java:437)
at org.testng.SuiteRunner.runSequentially(SuiteRunner.java:431)
at org.testng.SuiteRunner.privateRun(SuiteRunner.java:391)
at org.testng.SuiteRunner.run(SuiteRunner.java:330)
at org.testng.SuiteRunnerWorker.runSuite(SuiteRunnerWorker.java:52)
at org.testng.SuiteRunnerWorker.run(SuiteRunnerWorker.java:95)
at org.testng.TestNG.runSuitesSequentially(TestNG.java:1256)
at org.testng.TestNG.runSuitesLocally(TestNG.java:1176)
at org.testng.TestNG.runSuites(TestNG.java:1099)
at org.testng.TestNG.run(TestNG.java:1067)
at org.testng.remote.AbstractRemoteTestNG.run(AbstractRemoteTestNG.java:115)
at org.testng.remote.RemoteTestNG.initAndRun(RemoteTestNG.java:251)
at org.testng.remote.RemoteTestNG.main(RemoteTestNG.java:77)
]]>
            </full-stacktrace>
          </exception> <!-- java.lang.Throwable -->
          <reporter-output>
          </reporter-output>
        </test-method> <!-- deleteUser -->
      </class> <!-- test.Testing3 -->
      <class name="test.Testing1">
        <test-method is-config="true" signature="beforeSuite()[pri:0, instance:test.Testing1@4f18837a]" started-at="2023-07-05T18:05:33 EDT" name="beforeSuite" finished-at="2023-07-05T18:05:33 EDT" duration-ms="20" status="PASS">
          <reporter-output>
          </reporter-output>
        </test-method> <!-- beforeSuite -->
        <test-method is-config="true" signature="beforeTest()[pri:0, instance:test.Testing1@4f18837a]" started-at="2023-07-05T18:05:33 EDT" name="beforeTest" finished-at="2023-07-05T18:05:33 EDT" duration-ms="1" status="PASS">
          <reporter-output>
          </reporter-output>
        </test-method> <!-- beforeTest -->
        <test-method is-config="true" signature="beforeMethod()[pri:0, instance:test.Testing1@4f18837a]" started-at="2023-07-05T18:05:33 EDT" name="beforeMethod" finished-at="2023-07-05T18:05:33 EDT" duration-ms="2" status="PASS">
          <reporter-output>
          </reporter-output>
        </test-method> <!-- beforeMethod -->
        <test-method signature="f(java.lang.Integer,java.lang.String)[pri:0, instance:test.Testing1@4f18837a]" started-at="2023-07-05T18:05:33 EDT" name="f" data-provider="loginData" finished-at="2023-07-05T18:05:33 EDT" duration-ms="15" status="PASS">
          <params>
            <param index="0">
              <value>
                <![CDATA[1]]>
              </value>
            </param>
            <param index="1">
              <value>
                <![CDATA[a]]>
              </value>
            </param>
          </params>
          <reporter-output>
          </reporter-output>
        </test-method> <!-- f -->
        <test-method is-config="true" signature="afterMethod()[pri:0, instance:test.Testing1@4f18837a]" started-at="2023-07-05T18:05:33 EDT" name="afterMethod" finished-at="2023-07-05T18:05:33 EDT" duration-ms="2" status="PASS">
          <reporter-output>
          </reporter-output>
        </test-method> <!-- afterMethod -->
        <test-method is-config="true" signature="beforeMethod()[pri:0, instance:test.Testing1@4f18837a]" started-at="2023-07-05T18:05:33 EDT" name="beforeMethod" finished-at="2023-07-05T18:05:33 EDT" duration-ms="2" status="PASS">
          <reporter-output>
          </reporter-output>
        </test-method> <!-- beforeMethod -->
        <test-method signature="f(java.lang.Integer,java.lang.String)[pri:0, instance:test.Testing1@4f18837a]" started-at="2023-07-05T18:05:33 EDT" name="f" data-provider="loginData" finished-at="2023-07-05T18:05:33 EDT" duration-ms="17" status="PASS">
          <params>
            <param index="0">
              <value>
                <![CDATA[2]]>
              </value>
            </param>
            <param index="1">
              <value>
                <![CDATA[b]]>
              </value>
            </param>
          </params>
          <reporter-output>
          </reporter-output>
        </test-method> <!-- f -->
        <test-method is-config="true" signature="afterMethod()[pri:0, instance:test.Testing1@4f18837a]" started-at="2023-07-05T18:05:33 EDT" name="afterMethod" finished-at="2023-07-05T18:05:33 EDT" duration-ms="4" status="PASS">
          <reporter-output>
          </reporter-output>
        </test-method> <!-- afterMethod -->
        <test-method is-config="true" signature="beforeMethod()[pri:0, instance:test.Testing1@4f18837a]" started-at="2023-07-05T18:05:33 EDT" name="beforeMethod" finished-at="2023-07-05T18:05:33 EDT" duration-ms="4" status="PASS">
          <reporter-output>
          </reporter-output>
        </test-method> <!-- beforeMethod -->
        <test-method signature="test1()[pri:0, instance:test.Testing1@4f18837a]" started-at="2023-07-05T18:05:33 EDT" name="test1" finished-at="2023-07-05T18:05:33 EDT" duration-ms="4" status="PASS">
          <reporter-output>
          </reporter-output>
        </test-method> <!-- test1 -->
        <test-method is-config="true" signature="afterMethod()[pri:0, instance:test.Testing1@4f18837a]" started-at="2023-07-05T18:05:33 EDT" name="afterMethod" finished-at="2023-07-05T18:05:33 EDT" duration-ms="5" status="PASS">
          <reporter-output>
          </reporter-output>
        </test-method> <!-- afterMethod -->
        <test-method is-config="true" signature="beforeMethod()[pri:0, instance:test.Testing1@4f18837a]" started-at="2023-07-05T18:05:33 EDT" name="beforeMethod" finished-at="2023-07-05T18:05:33 EDT" duration-ms="4" status="PASS">
          <reporter-output>
          </reporter-output>
        </test-method> <!-- beforeMethod -->
        <test-method signature="test2()[pri:0, instance:test.Testing1@4f18837a]" started-at="2023-07-05T18:05:33 EDT" name="test2" finished-at="2023-07-05T18:05:33 EDT" duration-ms="9" status="PASS">
          <reporter-output>
          </reporter-output>
        </test-method> <!-- test2 -->
        <test-method is-config="true" signature="afterMethod()[pri:0, instance:test.Testing1@4f18837a]" started-at="2023-07-05T18:05:33 EDT" name="afterMethod" finished-at="2023-07-05T18:05:33 EDT" duration-ms="1" status="PASS">
          <reporter-output>
          </reporter-output>
        </test-method> <!-- afterMethod -->
        <test-method is-config="true" signature="afterClass()[pri:0, instance:test.Testing1@4f18837a]" started-at="2023-07-05T18:05:33 EDT" name="afterClass" finished-at="2023-07-05T18:05:33 EDT" duration-ms="1" status="PASS">
          <reporter-output>
          </reporter-output>
        </test-method> <!-- afterClass -->
        <test-method is-config="true" signature="afterTest()[pri:0, instance:test.Testing1@4f18837a]" started-at="2023-07-05T18:05:33 EDT" name="afterTest" finished-at="2023-07-05T18:05:33 EDT" duration-ms="1" status="PASS">
          <reporter-output>
          </reporter-output>
        </test-method> <!-- afterTest -->
        <test-method is-config="true" signature="afterSuite()[pri:0, instance:test.Testing1@4f18837a]" started-at="2023-07-05T18:05:34 EDT" name="afterSuite" finished-at="2023-07-05T18:05:34 EDT" duration-ms="0" status="PASS">
          <reporter-output>
          </reporter-output>
        </test-method> <!-- afterSuite -->
      </class> <!-- test.Testing1 -->
    </test> <!-- Test -->
  </suite> <!-- Suite -->
</testng-results>
